<?xml version="1.0" encoding="UTF-8"?>
<robot generator="Robot 4.0.3 (Python 3.9.5 on linux)" generated="20210713 12:56:37.912" rpa="false" schemaversion="2">
<suite id="s1" name="drone lib Test0001 &amp; drone lib Test0002 &amp; drone lib Test0003 &amp; drone lib Test0004 &amp; drone lib Test0005 &amp; drone lib Test0006 &amp; drone lib Test0007 &amp; drone lib Test0008 &amp; drone lib Test0009 &amp; drone lib Test0010 &amp; drone lib Test0011 &amp; drone lib Test0012 &amp; drone lib Test0013 &amp; drone lib Test0014 &amp; drone lib Test0015 &amp; drone lib Test0016 &amp; drone lib Test0017 &amp; drone lib Test0018 &amp; drone lib Test0019 &amp; drone lib Test0020 &amp; drone lib Test0021 &amp; drone lib Test0022 &amp; drone lib Test0023 &amp; drone lib Test0024">
<suite id="s1-s1" name="drone lib Test0001" source="/home/needoliprane/Desktop/TEK3/T-YEP-600-PAR-6-1-finalproject-louis-auguste.dumas/test/drone_lib_Test0001.robot">
<test id="s1-s1-t1" name="test_0001 : Drone take off">
<kw name="Setup test" type="SETUP">
<kw name="Init Test" library="librairie.testDroneLibrary">
<status status="NOT RUN" starttime="20210713 12:56:38.067" endtime="20210713 12:56:38.067"/>
</kw>
<status status="PASS" starttime="20210713 12:56:38.066" endtime="20210713 12:56:38.067"/>
</kw>
<kw name="Drone take off">
<kw name="Make The Drone Take Off" library="librairie.testDroneLibrary">
<status status="NOT RUN" starttime="20210713 12:56:38.067" endtime="20210713 12:56:38.067"/>
</kw>
<kw name="Sleep" library="BuiltIn">
<arg>3s</arg>
<doc>Pauses the test executed for the given time.</doc>
<status status="NOT RUN" starttime="20210713 12:56:38.067" endtime="20210713 12:56:38.067"/>
</kw>
<kw name="Execute Manual Step" library="Dialogs">
<arg>Is the drone flying ?</arg>
<doc>Pauses test execution until user sets the keyword status.</doc>
<status status="NOT RUN" starttime="20210713 12:56:38.067" endtime="20210713 12:56:38.067"/>
</kw>
<status status="PASS" starttime="20210713 12:56:38.067" endtime="20210713 12:56:38.068"/>
</kw>
<kw name="Teardown test" type="TEARDOWN">
<kw name="Kill Test" library="librairie.testDroneLibrary">
<status status="NOT RUN" starttime="20210713 12:56:38.068" endtime="20210713 12:56:38.068"/>
</kw>
<status status="PASS" starttime="20210713 12:56:38.068" endtime="20210713 12:56:38.068"/>
</kw>
<tag>campagne lib drone</tag>
<status status="PASS" starttime="20210713 12:56:38.066" endtime="20210713 12:56:38.068"/>
</test>
<status status="PASS" starttime="20210713 12:56:37.929" endtime="20210713 12:56:38.069"/>
</suite>
<suite id="s1-s2" name="drone lib Test0002" source="/home/needoliprane/Desktop/TEK3/T-YEP-600-PAR-6-1-finalproject-louis-auguste.dumas/test/drone_lib_Test0002.robot">
<test id="s1-s2-t1" name="test_0002 : forward">
<kw name="Setup test" type="SETUP">
<kw name="Init Test" library="librairie.testDroneLibrary">
<status status="NOT RUN" starttime="20210713 12:56:38.073" endtime="20210713 12:56:38.073"/>
</kw>
<status status="PASS" starttime="20210713 12:56:38.073" endtime="20210713 12:56:38.073"/>
</kw>
<kw name="test forward">
<kw name="Make The Drone Take Off" library="librairie.testDroneLibrary">
<status status="NOT RUN" starttime="20210713 12:56:38.074" endtime="20210713 12:56:38.074"/>
</kw>
<kw name="Sleep" library="BuiltIn">
<arg>3s</arg>
<doc>Pauses the test executed for the given time.</doc>
<status status="NOT RUN" starttime="20210713 12:56:38.074" endtime="20210713 12:56:38.074"/>
</kw>
<kw name="Make The Drone Go Forward" library="librairie.testDroneLibrary">
<status status="NOT RUN" starttime="20210713 12:56:38.074" endtime="20210713 12:56:38.074"/>
</kw>
<kw name="Execute Manual Step" library="Dialogs">
<arg>is the drone going forward</arg>
<doc>Pauses test execution until user sets the keyword status.</doc>
<status status="NOT RUN" starttime="20210713 12:56:38.074" endtime="20210713 12:56:38.074"/>
</kw>
<status status="PASS" starttime="20210713 12:56:38.073" endtime="20210713 12:56:38.074"/>
</kw>
<kw name="Teardown test" type="TEARDOWN">
<kw name="Kill Test" library="librairie.testDroneLibrary">
<status status="NOT RUN" starttime="20210713 12:56:38.074" endtime="20210713 12:56:38.075"/>
</kw>
<status status="PASS" starttime="20210713 12:56:38.074" endtime="20210713 12:56:38.075"/>
</kw>
<tag>campagne lib drone</tag>
<status status="PASS" starttime="20210713 12:56:38.073" endtime="20210713 12:56:38.075"/>
</test>
<status status="PASS" starttime="20210713 12:56:38.070" endtime="20210713 12:56:38.075"/>
</suite>
<suite id="s1-s3" name="drone lib Test0003" source="/home/needoliprane/Desktop/TEK3/T-YEP-600-PAR-6-1-finalproject-louis-auguste.dumas/test/drone_lib_Test0003.robot">
<test id="s1-s3-t1" name="test_0003 : Test left">
<kw name="Setup test" type="SETUP">
<kw name="Init Test" library="librairie.testDroneLibrary">
<status status="NOT RUN" starttime="20210713 12:56:38.081" endtime="20210713 12:56:38.081"/>
</kw>
<status status="PASS" starttime="20210713 12:56:38.081" endtime="20210713 12:56:38.081"/>
</kw>
<kw name="Test left">
<kw name="Make The Drone Take Off" library="librairie.testDroneLibrary">
<status status="NOT RUN" starttime="20210713 12:56:38.082" endtime="20210713 12:56:38.082"/>
</kw>
<kw name="Sleep" library="BuiltIn">
<arg>3s</arg>
<doc>Pauses the test executed for the given time.</doc>
<status status="NOT RUN" starttime="20210713 12:56:38.082" endtime="20210713 12:56:38.082"/>
</kw>
<kw name="Execute Manual Step" library="Dialogs">
<arg>Is the drone flying ?</arg>
<doc>Pauses test execution until user sets the keyword status.</doc>
<status status="NOT RUN" starttime="20210713 12:56:38.082" endtime="20210713 12:56:38.082"/>
</kw>
<kw name="Make The Drone Go Left" library="librairie.testDroneLibrary">
<status status="NOT RUN" starttime="20210713 12:56:38.082" endtime="20210713 12:56:38.082"/>
</kw>
<kw name="Sleep" library="BuiltIn">
<arg>3s</arg>
<doc>Pauses the test executed for the given time.</doc>
<status status="NOT RUN" starttime="20210713 12:56:38.082" endtime="20210713 12:56:38.082"/>
</kw>
<kw name="Execute Manual Step" library="Dialogs">
<arg>Is the drone flying ?</arg>
<doc>Pauses test execution until user sets the keyword status.</doc>
<status status="NOT RUN" starttime="20210713 12:56:38.082" endtime="20210713 12:56:38.082"/>
</kw>
<status status="PASS" starttime="20210713 12:56:38.081" endtime="20210713 12:56:38.082"/>
</kw>
<kw name="Teardown test" type="TEARDOWN">
<kw name="Kill Test" library="librairie.testDroneLibrary">
<status status="NOT RUN" starttime="20210713 12:56:38.083" endtime="20210713 12:56:38.083"/>
</kw>
<status status="PASS" starttime="20210713 12:56:38.082" endtime="20210713 12:56:38.083"/>
</kw>
<tag>campagne lib drone</tag>
<status status="PASS" starttime="20210713 12:56:38.080" endtime="20210713 12:56:38.083"/>
</test>
<status status="PASS" starttime="20210713 12:56:38.077" endtime="20210713 12:56:38.083"/>
</suite>
<suite id="s1-s4" name="drone lib Test0004" source="/home/needoliprane/Desktop/TEK3/T-YEP-600-PAR-6-1-finalproject-louis-auguste.dumas/test/drone_lib_Test0004.robot">
<test id="s1-s4-t1" name="test_0004 : Test right">
<kw name="Setup test" type="SETUP">
<kw name="Init Test" library="librairie.testDroneLibrary">
<status status="NOT RUN" starttime="20210713 12:56:38.088" endtime="20210713 12:56:38.088"/>
</kw>
<status status="PASS" starttime="20210713 12:56:38.087" endtime="20210713 12:56:38.088"/>
</kw>
<kw name="Test right">
<kw name="Make The Drone Take Off" library="librairie.testDroneLibrary">
<status status="NOT RUN" starttime="20210713 12:56:38.088" endtime="20210713 12:56:38.088"/>
</kw>
<kw name="Sleep" library="BuiltIn">
<arg>3s</arg>
<doc>Pauses the test executed for the given time.</doc>
<status status="NOT RUN" starttime="20210713 12:56:38.088" endtime="20210713 12:56:38.089"/>
</kw>
<kw name="Execute Manual Step" library="Dialogs">
<arg>Is the drone flying ?</arg>
<doc>Pauses test execution until user sets the keyword status.</doc>
<status status="NOT RUN" starttime="20210713 12:56:38.089" endtime="20210713 12:56:38.089"/>
</kw>
<kw name="Make The Drone Go Right" library="librairie.testDroneLibrary">
<status status="NOT RUN" starttime="20210713 12:56:38.089" endtime="20210713 12:56:38.089"/>
</kw>
<kw name="Sleep" library="BuiltIn">
<arg>3s</arg>
<doc>Pauses the test executed for the given time.</doc>
<status status="NOT RUN" starttime="20210713 12:56:38.089" endtime="20210713 12:56:38.089"/>
</kw>
<kw name="Execute Manual Step" library="Dialogs">
<arg>Is the drone flying ?</arg>
<doc>Pauses test execution until user sets the keyword status.</doc>
<status status="NOT RUN" starttime="20210713 12:56:38.089" endtime="20210713 12:56:38.089"/>
</kw>
<status status="PASS" starttime="20210713 12:56:38.088" endtime="20210713 12:56:38.089"/>
</kw>
<kw name="Teardown test" type="TEARDOWN">
<kw name="Kill Test" library="librairie.testDroneLibrary">
<status status="NOT RUN" starttime="20210713 12:56:38.090" endtime="20210713 12:56:38.090"/>
</kw>
<status status="PASS" starttime="20210713 12:56:38.090" endtime="20210713 12:56:38.090"/>
</kw>
<tag>campagne lib drone</tag>
<status status="PASS" starttime="20210713 12:56:38.087" endtime="20210713 12:56:38.090"/>
</test>
<status status="PASS" starttime="20210713 12:56:38.085" endtime="20210713 12:56:38.090"/>
</suite>
<suite id="s1-s5" name="drone lib Test0005" source="/home/needoliprane/Desktop/TEK3/T-YEP-600-PAR-6-1-finalproject-louis-auguste.dumas/test/drone_lib_Test0005.robot">
<test id="s1-s5-t1" name="test_0005 : forward">
<kw name="Setup test" type="SETUP">
<kw name="Init Test" library="librairie.testDroneLibrary">
<status status="NOT RUN" starttime="20210713 12:56:38.096" endtime="20210713 12:56:38.096"/>
</kw>
<status status="PASS" starttime="20210713 12:56:38.095" endtime="20210713 12:56:38.096"/>
</kw>
<kw name="test forward">
<kw name="Make The Drone Take Off" library="librairie.testDroneLibrary">
<status status="NOT RUN" starttime="20210713 12:56:38.096" endtime="20210713 12:56:38.096"/>
</kw>
<kw name="Sleep" library="BuiltIn">
<arg>3s</arg>
<doc>Pauses the test executed for the given time.</doc>
<status status="NOT RUN" starttime="20210713 12:56:38.096" endtime="20210713 12:56:38.096"/>
</kw>
<kw name="Execute Manual Step" library="Dialogs">
<arg>Is the drone flying ?</arg>
<doc>Pauses test execution until user sets the keyword status.</doc>
<status status="NOT RUN" starttime="20210713 12:56:38.096" endtime="20210713 12:56:38.096"/>
</kw>
<kw name="Make The Drone Go Forward" library="librairie.testDroneLibrary">
<status status="NOT RUN" starttime="20210713 12:56:38.096" endtime="20210713 12:56:38.096"/>
</kw>
<kw name="Sleep" library="BuiltIn">
<arg>3s</arg>
<doc>Pauses the test executed for the given time.</doc>
<status status="NOT RUN" starttime="20210713 12:56:38.097" endtime="20210713 12:56:38.097"/>
</kw>
<kw name="Execute Manual Step" library="Dialogs">
<arg>Is the drone flying ?</arg>
<doc>Pauses test execution until user sets the keyword status.</doc>
<status status="NOT RUN" starttime="20210713 12:56:38.097" endtime="20210713 12:56:38.097"/>
</kw>
<status status="PASS" starttime="20210713 12:56:38.096" endtime="20210713 12:56:38.097"/>
</kw>
<kw name="Teardown test" type="TEARDOWN">
<kw name="Kill Test" library="librairie.testDroneLibrary">
<status status="NOT RUN" starttime="20210713 12:56:38.097" endtime="20210713 12:56:38.097"/>
</kw>
<status status="PASS" starttime="20210713 12:56:38.097" endtime="20210713 12:56:38.097"/>
</kw>
<tag>campagne lib drone</tag>
<status status="PASS" starttime="20210713 12:56:38.095" endtime="20210713 12:56:38.097"/>
</test>
<status status="PASS" starttime="20210713 12:56:38.092" endtime="20210713 12:56:38.098"/>
</suite>
<suite id="s1-s6" name="drone lib Test0006" source="/home/needoliprane/Desktop/TEK3/T-YEP-600-PAR-6-1-finalproject-louis-auguste.dumas/test/drone_lib_Test0006.robot">
<test id="s1-s6-t1" name="test_0006 : test turn right">
<kw name="Setup test" type="SETUP">
<kw name="Init Test" library="librairie.testDroneLibrary">
<status status="NOT RUN" starttime="20210713 12:56:38.103" endtime="20210713 12:56:38.103"/>
</kw>
<status status="PASS" starttime="20210713 12:56:38.103" endtime="20210713 12:56:38.103"/>
</kw>
<kw name="test turn right">
<kw name="Make The Drone Take Off" library="librairie.testDroneLibrary">
<status status="NOT RUN" starttime="20210713 12:56:38.104" endtime="20210713 12:56:38.104"/>
</kw>
<kw name="Sleep" library="BuiltIn">
<arg>3s</arg>
<doc>Pauses the test executed for the given time.</doc>
<status status="NOT RUN" starttime="20210713 12:56:38.104" endtime="20210713 12:56:38.104"/>
</kw>
<kw name="Execute Manual Step" library="Dialogs">
<arg>Is the drone flying ?</arg>
<doc>Pauses test execution until user sets the keyword status.</doc>
<status status="NOT RUN" starttime="20210713 12:56:38.104" endtime="20210713 12:56:38.104"/>
</kw>
<kw name="Make The Drone Turn Right" library="librairie.testDroneLibrary">
<status status="NOT RUN" starttime="20210713 12:56:38.104" endtime="20210713 12:56:38.104"/>
</kw>
<kw name="Sleep" library="BuiltIn">
<arg>3s</arg>
<doc>Pauses the test executed for the given time.</doc>
<status status="NOT RUN" starttime="20210713 12:56:38.104" endtime="20210713 12:56:38.104"/>
</kw>
<kw name="Execute Manual Step" library="Dialogs">
<arg>Is the drone flying ?</arg>
<doc>Pauses test execution until user sets the keyword status.</doc>
<status status="NOT RUN" starttime="20210713 12:56:38.104" endtime="20210713 12:56:38.104"/>
</kw>
<status status="PASS" starttime="20210713 12:56:38.103" endtime="20210713 12:56:38.105"/>
</kw>
<kw name="Teardown test" type="TEARDOWN">
<kw name="Kill Test" library="librairie.testDroneLibrary">
<status status="NOT RUN" starttime="20210713 12:56:38.105" endtime="20210713 12:56:38.105"/>
</kw>
<status status="PASS" starttime="20210713 12:56:38.105" endtime="20210713 12:56:38.105"/>
</kw>
<tag>campagne lib drone</tag>
<status status="PASS" starttime="20210713 12:56:38.102" endtime="20210713 12:56:38.105"/>
</test>
<status status="PASS" starttime="20210713 12:56:38.099" endtime="20210713 12:56:38.106"/>
</suite>
<suite id="s1-s7" name="drone lib Test0007" source="/home/needoliprane/Desktop/TEK3/T-YEP-600-PAR-6-1-finalproject-louis-auguste.dumas/test/drone_lib_Test0007.robot">
<test id="s1-s7-t1" name="test_0007 : test turn left">
<kw name="Setup test" type="SETUP">
<kw name="Init Test" library="librairie.testDroneLibrary">
<status status="NOT RUN" starttime="20210713 12:56:38.110" endtime="20210713 12:56:38.110"/>
</kw>
<status status="PASS" starttime="20210713 12:56:38.110" endtime="20210713 12:56:38.110"/>
</kw>
<kw name="test turn left">
<kw name="Make The Drone Take Off" library="librairie.testDroneLibrary">
<status status="NOT RUN" starttime="20210713 12:56:38.111" endtime="20210713 12:56:38.111"/>
</kw>
<kw name="Sleep" library="BuiltIn">
<arg>3s</arg>
<doc>Pauses the test executed for the given time.</doc>
<status status="NOT RUN" starttime="20210713 12:56:38.111" endtime="20210713 12:56:38.111"/>
</kw>
<kw name="Execute Manual Step" library="Dialogs">
<arg>Is the drone flying ?</arg>
<doc>Pauses test execution until user sets the keyword status.</doc>
<status status="NOT RUN" starttime="20210713 12:56:38.111" endtime="20210713 12:56:38.111"/>
</kw>
<kw name="Make The Drone Turn Left" library="librairie.testDroneLibrary">
<status status="NOT RUN" starttime="20210713 12:56:38.111" endtime="20210713 12:56:38.111"/>
</kw>
<kw name="Sleep" library="BuiltIn">
<arg>3s</arg>
<doc>Pauses the test executed for the given time.</doc>
<status status="NOT RUN" starttime="20210713 12:56:38.112" endtime="20210713 12:56:38.112"/>
</kw>
<kw name="Execute Manual Step" library="Dialogs">
<arg>Is the drone flying ?</arg>
<doc>Pauses test execution until user sets the keyword status.</doc>
<status status="NOT RUN" starttime="20210713 12:56:38.112" endtime="20210713 12:56:38.112"/>
</kw>
<status status="PASS" starttime="20210713 12:56:38.111" endtime="20210713 12:56:38.112"/>
</kw>
<kw name="Teardown test" type="TEARDOWN">
<kw name="Kill Test" library="librairie.testDroneLibrary">
<status status="NOT RUN" starttime="20210713 12:56:38.113" endtime="20210713 12:56:38.113"/>
</kw>
<status status="PASS" starttime="20210713 12:56:38.112" endtime="20210713 12:56:38.113"/>
</kw>
<tag>campagne lib drone</tag>
<status status="PASS" starttime="20210713 12:56:38.110" endtime="20210713 12:56:38.113"/>
</test>
<status status="PASS" starttime="20210713 12:56:38.107" endtime="20210713 12:56:38.113"/>
</suite>
<suite id="s1-s8" name="drone lib Test0008" source="/home/needoliprane/Desktop/TEK3/T-YEP-600-PAR-6-1-finalproject-louis-auguste.dumas/test/drone_lib_Test0008.robot">
<test id="s1-s8-t1" name="test_0008 : test turn left">
<kw name="Setup test" type="SETUP">
<kw name="Init Test" library="librairie.testDroneLibrary">
<status status="NOT RUN" starttime="20210713 12:56:38.119" endtime="20210713 12:56:38.119"/>
</kw>
<status status="PASS" starttime="20210713 12:56:38.118" endtime="20210713 12:56:38.119"/>
</kw>
<kw name="test turn left">
<kw name="Make The Drone Take Off" library="librairie.testDroneLibrary">
<status status="NOT RUN" starttime="20210713 12:56:38.119" endtime="20210713 12:56:38.119"/>
</kw>
<kw name="Sleep" library="BuiltIn">
<arg>3s</arg>
<doc>Pauses the test executed for the given time.</doc>
<status status="NOT RUN" starttime="20210713 12:56:38.119" endtime="20210713 12:56:38.119"/>
</kw>
<kw name="Execute Manual Step" library="Dialogs">
<arg>Is the drone flying ?</arg>
<doc>Pauses test execution until user sets the keyword status.</doc>
<status status="NOT RUN" starttime="20210713 12:56:38.119" endtime="20210713 12:56:38.119"/>
</kw>
<kw name="Make The Drone Go Left" library="librairie.testDroneLibrary">
<status status="NOT RUN" starttime="20210713 12:56:38.120" endtime="20210713 12:56:38.120"/>
</kw>
<kw name="Sleep" library="BuiltIn">
<arg>3s</arg>
<doc>Pauses the test executed for the given time.</doc>
<status status="NOT RUN" starttime="20210713 12:56:38.120" endtime="20210713 12:56:38.120"/>
</kw>
<kw name="Execute Manual Step" library="Dialogs">
<arg>Is the drone flying ?</arg>
<doc>Pauses test execution until user sets the keyword status.</doc>
<status status="NOT RUN" starttime="20210713 12:56:38.120" endtime="20210713 12:56:38.120"/>
</kw>
<status status="PASS" starttime="20210713 12:56:38.119" endtime="20210713 12:56:38.120"/>
</kw>
<kw name="Teardown test" type="TEARDOWN">
<kw name="Kill Test" library="librairie.testDroneLibrary">
<status status="NOT RUN" starttime="20210713 12:56:38.120" endtime="20210713 12:56:38.120"/>
</kw>
<status status="PASS" starttime="20210713 12:56:38.120" endtime="20210713 12:56:38.120"/>
</kw>
<tag>campagne lib drone</tag>
<status status="PASS" starttime="20210713 12:56:38.118" endtime="20210713 12:56:38.121"/>
</test>
<status status="PASS" starttime="20210713 12:56:38.115" endtime="20210713 12:56:38.121"/>
</suite>
<suite id="s1-s9" name="drone lib Test0009" source="/home/needoliprane/Desktop/TEK3/T-YEP-600-PAR-6-1-finalproject-louis-auguste.dumas/test/drone_lib_Test0009.robot">
<test id="s1-s9-t1" name="test_0009: test turn right">
<kw name="Setup test" type="SETUP">
<kw name="Init Test" library="librairie.testDroneLibrary">
<status status="NOT RUN" starttime="20210713 12:56:38.126" endtime="20210713 12:56:38.126"/>
</kw>
<status status="PASS" starttime="20210713 12:56:38.125" endtime="20210713 12:56:38.126"/>
</kw>
<kw name="test turn right">
<kw name="Make The Drone Take Off" library="librairie.testDroneLibrary">
<status status="NOT RUN" starttime="20210713 12:56:38.126" endtime="20210713 12:56:38.126"/>
</kw>
<kw name="Sleep" library="BuiltIn">
<arg>3s</arg>
<doc>Pauses the test executed for the given time.</doc>
<status status="NOT RUN" starttime="20210713 12:56:38.126" endtime="20210713 12:56:38.126"/>
</kw>
<kw name="Execute Manual Step" library="Dialogs">
<arg>Is the drone flying ?</arg>
<doc>Pauses test execution until user sets the keyword status.</doc>
<status status="NOT RUN" starttime="20210713 12:56:38.126" endtime="20210713 12:56:38.126"/>
</kw>
<kw name="Make The Drone Go Right" library="librairie.testDroneLibrary">
<status status="NOT RUN" starttime="20210713 12:56:38.126" endtime="20210713 12:56:38.126"/>
</kw>
<kw name="Sleep" library="BuiltIn">
<arg>3s</arg>
<doc>Pauses the test executed for the given time.</doc>
<status status="NOT RUN" starttime="20210713 12:56:38.127" endtime="20210713 12:56:38.127"/>
</kw>
<kw name="Execute Manual Step" library="Dialogs">
<arg>Is the drone flying ?</arg>
<doc>Pauses test execution until user sets the keyword status.</doc>
<status status="NOT RUN" starttime="20210713 12:56:38.127" endtime="20210713 12:56:38.127"/>
</kw>
<status status="PASS" starttime="20210713 12:56:38.126" endtime="20210713 12:56:38.127"/>
</kw>
<kw name="Teardown test" type="TEARDOWN">
<kw name="Kill Test" library="librairie.testDroneLibrary">
<status status="NOT RUN" starttime="20210713 12:56:38.127" endtime="20210713 12:56:38.127"/>
</kw>
<status status="PASS" starttime="20210713 12:56:38.127" endtime="20210713 12:56:38.127"/>
</kw>
<tag>campagne lib drone</tag>
<status status="PASS" starttime="20210713 12:56:38.125" endtime="20210713 12:56:38.128"/>
</test>
<status status="PASS" starttime="20210713 12:56:38.122" endtime="20210713 12:56:38.128"/>
</suite>
<suite id="s1-s10" name="drone lib Test0010" source="/home/needoliprane/Desktop/TEK3/T-YEP-600-PAR-6-1-finalproject-louis-auguste.dumas/test/drone_lib_Test0010.robot">
<test id="s1-s10-t1" name="test_0010 : Drone take off and land">
<kw name="Setup test" type="SETUP">
<kw name="Init Test" library="librairie.testDroneLibrary">
<status status="NOT RUN" starttime="20210713 12:56:38.133" endtime="20210713 12:56:38.133"/>
</kw>
<status status="PASS" starttime="20210713 12:56:38.133" endtime="20210713 12:56:38.133"/>
</kw>
<kw name="Drone take off and land">
<kw name="Make The Drone Take Off" library="librairie.testDroneLibrary">
<status status="NOT RUN" starttime="20210713 12:56:38.134" endtime="20210713 12:56:38.134"/>
</kw>
<kw name="Sleep" library="BuiltIn">
<arg>3s</arg>
<doc>Pauses the test executed for the given time.</doc>
<status status="NOT RUN" starttime="20210713 12:56:38.134" endtime="20210713 12:56:38.134"/>
</kw>
<kw name="Execute Manual Step" library="Dialogs">
<arg>Is the drone flying ?</arg>
<doc>Pauses test execution until user sets the keyword status.</doc>
<status status="NOT RUN" starttime="20210713 12:56:38.134" endtime="20210713 12:56:38.134"/>
</kw>
<kw name="Make The Drone Land" library="librairie.testDroneLibrary">
<status status="NOT RUN" starttime="20210713 12:56:38.134" endtime="20210713 12:56:38.134"/>
</kw>
<kw name="Sleep" library="BuiltIn">
<arg>3s</arg>
<doc>Pauses the test executed for the given time.</doc>
<status status="NOT RUN" starttime="20210713 12:56:38.134" endtime="20210713 12:56:38.134"/>
</kw>
<kw name="Execute Manual Step" library="Dialogs">
<arg>Is the drone flying ?</arg>
<doc>Pauses test execution until user sets the keyword status.</doc>
<status status="NOT RUN" starttime="20210713 12:56:38.134" endtime="20210713 12:56:38.134"/>
</kw>
<status status="PASS" starttime="20210713 12:56:38.133" endtime="20210713 12:56:38.134"/>
</kw>
<kw name="Teardown test" type="TEARDOWN">
<kw name="Kill Test" library="librairie.testDroneLibrary">
<status status="NOT RUN" starttime="20210713 12:56:38.135" endtime="20210713 12:56:38.135"/>
</kw>
<status status="PASS" starttime="20210713 12:56:38.135" endtime="20210713 12:56:38.135"/>
</kw>
<tag>campagne lib drone</tag>
<status status="PASS" starttime="20210713 12:56:38.133" endtime="20210713 12:56:38.135"/>
</test>
<status status="PASS" starttime="20210713 12:56:38.129" endtime="20210713 12:56:38.136"/>
</suite>
<suite id="s1-s11" name="drone lib Test0011" source="/home/needoliprane/Desktop/TEK3/T-YEP-600-PAR-6-1-finalproject-louis-auguste.dumas/test/drone_lib_Test0011.robot">
<test id="s1-s11-t1" name="test_0011: Square test">
<kw name="Setup test" type="SETUP">
<kw name="Init Test" library="librairie.testDroneLibrary">
<status status="NOT RUN" starttime="20210713 12:56:38.141" endtime="20210713 12:56:38.141"/>
</kw>
<status status="PASS" starttime="20210713 12:56:38.141" endtime="20210713 12:56:38.141"/>
</kw>
<kw name="Square test">
<kw name="Make The Drone Take Off" library="librairie.testDroneLibrary">
<status status="NOT RUN" starttime="20210713 12:56:38.141" endtime="20210713 12:56:38.142"/>
</kw>
<kw name="Sleep" library="BuiltIn">
<arg>3s</arg>
<doc>Pauses the test executed for the given time.</doc>
<status status="NOT RUN" starttime="20210713 12:56:38.142" endtime="20210713 12:56:38.142"/>
</kw>
<kw name="Make The Drone Turn Left" library="librairie.testDroneLibrary">
<status status="NOT RUN" starttime="20210713 12:56:38.142" endtime="20210713 12:56:38.142"/>
</kw>
<kw name="Sleep" library="BuiltIn">
<arg>3s</arg>
<doc>Pauses the test executed for the given time.</doc>
<status status="NOT RUN" starttime="20210713 12:56:38.142" endtime="20210713 12:56:38.142"/>
</kw>
<kw name="Make The Drone Go Forward" library="librairie.testDroneLibrary">
<status status="NOT RUN" starttime="20210713 12:56:38.142" endtime="20210713 12:56:38.142"/>
</kw>
<kw name="Sleep" library="BuiltIn">
<arg>3s</arg>
<doc>Pauses the test executed for the given time.</doc>
<status status="NOT RUN" starttime="20210713 12:56:38.142" endtime="20210713 12:56:38.142"/>
</kw>
<kw name="Make The Drone Turn Left" library="librairie.testDroneLibrary">
<status status="NOT RUN" starttime="20210713 12:56:38.143" endtime="20210713 12:56:38.143"/>
</kw>
<kw name="Sleep" library="BuiltIn">
<arg>3s</arg>
<doc>Pauses the test executed for the given time.</doc>
<status status="NOT RUN" starttime="20210713 12:56:38.143" endtime="20210713 12:56:38.143"/>
</kw>
<kw name="Make The Drone Go Forward" library="librairie.testDroneLibrary">
<status status="NOT RUN" starttime="20210713 12:56:38.143" endtime="20210713 12:56:38.143"/>
</kw>
<kw name="Sleep" library="BuiltIn">
<arg>3s</arg>
<doc>Pauses the test executed for the given time.</doc>
<status status="NOT RUN" starttime="20210713 12:56:38.143" endtime="20210713 12:56:38.143"/>
</kw>
<kw name="Make The Drone Turn Left" library="librairie.testDroneLibrary">
<status status="NOT RUN" starttime="20210713 12:56:38.144" endtime="20210713 12:56:38.144"/>
</kw>
<kw name="Sleep" library="BuiltIn">
<arg>3s</arg>
<doc>Pauses the test executed for the given time.</doc>
<status status="NOT RUN" starttime="20210713 12:56:38.144" endtime="20210713 12:56:38.144"/>
</kw>
<kw name="Make The Drone Go Forward" library="librairie.testDroneLibrary">
<status status="NOT RUN" starttime="20210713 12:56:38.144" endtime="20210713 12:56:38.144"/>
</kw>
<kw name="Sleep" library="BuiltIn">
<arg>3s</arg>
<doc>Pauses the test executed for the given time.</doc>
<status status="NOT RUN" starttime="20210713 12:56:38.144" endtime="20210713 12:56:38.144"/>
</kw>
<kw name="Make The Drone Turn Left" library="librairie.testDroneLibrary">
<status status="NOT RUN" starttime="20210713 12:56:38.144" endtime="20210713 12:56:38.144"/>
</kw>
<kw name="Sleep" library="BuiltIn">
<arg>3s</arg>
<doc>Pauses the test executed for the given time.</doc>
<status status="NOT RUN" starttime="20210713 12:56:38.144" endtime="20210713 12:56:38.145"/>
</kw>
<kw name="Execute Manual Step" library="Dialogs">
<arg>Have the drone draw a square ?</arg>
<doc>Pauses test execution until user sets the keyword status.</doc>
<status status="NOT RUN" starttime="20210713 12:56:38.145" endtime="20210713 12:56:38.145"/>
</kw>
<kw name="Make The Drone Land" library="librairie.testDroneLibrary">
<status status="NOT RUN" starttime="20210713 12:56:38.145" endtime="20210713 12:56:38.145"/>
</kw>
<status status="PASS" starttime="20210713 12:56:38.141" endtime="20210713 12:56:38.145"/>
</kw>
<kw name="Teardown test" type="TEARDOWN">
<kw name="Kill Test" library="librairie.testDroneLibrary">
<status status="NOT RUN" starttime="20210713 12:56:38.146" endtime="20210713 12:56:38.146"/>
</kw>
<status status="PASS" starttime="20210713 12:56:38.145" endtime="20210713 12:56:38.146"/>
</kw>
<tag>campagne client web</tag>
<status status="PASS" starttime="20210713 12:56:38.140" endtime="20210713 12:56:38.146"/>
</test>
<status status="PASS" starttime="20210713 12:56:38.137" endtime="20210713 12:56:38.146"/>
</suite>
<suite id="s1-s12" name="drone lib Test0012" source="/home/needoliprane/Desktop/TEK3/T-YEP-600-PAR-6-1-finalproject-louis-auguste.dumas/test/drone_lib_Test0012.robot">
<test id="s1-s12-t1" name="test_0012: Square test">
<kw name="Setup test" type="SETUP">
<kw name="Init Test" library="librairie.testDroneLibrary">
<status status="NOT RUN" starttime="20210713 12:56:38.151" endtime="20210713 12:56:38.151"/>
</kw>
<status status="PASS" starttime="20210713 12:56:38.150" endtime="20210713 12:56:38.151"/>
</kw>
<kw name="Square test right">
<kw name="Make The Drone Take Off" library="librairie.testDroneLibrary">
<status status="NOT RUN" starttime="20210713 12:56:38.151" endtime="20210713 12:56:38.151"/>
</kw>
<kw name="Sleep" library="BuiltIn">
<arg>3s</arg>
<doc>Pauses the test executed for the given time.</doc>
<status status="NOT RUN" starttime="20210713 12:56:38.151" endtime="20210713 12:56:38.151"/>
</kw>
<kw name="Make The Drone Turn Right" library="librairie.testDroneLibrary">
<status status="NOT RUN" starttime="20210713 12:56:38.151" endtime="20210713 12:56:38.151"/>
</kw>
<kw name="Sleep" library="BuiltIn">
<arg>3s</arg>
<doc>Pauses the test executed for the given time.</doc>
<status status="NOT RUN" starttime="20210713 12:56:38.151" endtime="20210713 12:56:38.151"/>
</kw>
<kw name="Make The Drone Go Forward" library="librairie.testDroneLibrary">
<status status="NOT RUN" starttime="20210713 12:56:38.152" endtime="20210713 12:56:38.152"/>
</kw>
<kw name="Sleep" library="BuiltIn">
<arg>3s</arg>
<doc>Pauses the test executed for the given time.</doc>
<status status="NOT RUN" starttime="20210713 12:56:38.152" endtime="20210713 12:56:38.152"/>
</kw>
<kw name="Make The Drone Turn Right" library="librairie.testDroneLibrary">
<status status="NOT RUN" starttime="20210713 12:56:38.152" endtime="20210713 12:56:38.152"/>
</kw>
<kw name="Sleep" library="BuiltIn">
<arg>3s</arg>
<doc>Pauses the test executed for the given time.</doc>
<status status="NOT RUN" starttime="20210713 12:56:38.152" endtime="20210713 12:56:38.152"/>
</kw>
<kw name="Make The Drone Go Forward" library="librairie.testDroneLibrary">
<status status="NOT RUN" starttime="20210713 12:56:38.152" endtime="20210713 12:56:38.152"/>
</kw>
<kw name="Sleep" library="BuiltIn">
<arg>3s</arg>
<doc>Pauses the test executed for the given time.</doc>
<status status="NOT RUN" starttime="20210713 12:56:38.152" endtime="20210713 12:56:38.152"/>
</kw>
<kw name="Make The Drone Turn Right" library="librairie.testDroneLibrary">
<status status="NOT RUN" starttime="20210713 12:56:38.152" endtime="20210713 12:56:38.152"/>
</kw>
<kw name="Sleep" library="BuiltIn">
<arg>3s</arg>
<doc>Pauses the test executed for the given time.</doc>
<status status="NOT RUN" starttime="20210713 12:56:38.152" endtime="20210713 12:56:38.152"/>
</kw>
<kw name="Make The Drone Go Forward" library="librairie.testDroneLibrary">
<status status="NOT RUN" starttime="20210713 12:56:38.152" endtime="20210713 12:56:38.152"/>
</kw>
<kw name="Sleep" library="BuiltIn">
<arg>3s</arg>
<doc>Pauses the test executed for the given time.</doc>
<status status="NOT RUN" starttime="20210713 12:56:38.153" endtime="20210713 12:56:38.153"/>
</kw>
<kw name="Make The Drone Turn Right" library="librairie.testDroneLibrary">
<status status="NOT RUN" starttime="20210713 12:56:38.153" endtime="20210713 12:56:38.153"/>
</kw>
<kw name="Sleep" library="BuiltIn">
<arg>3s</arg>
<doc>Pauses the test executed for the given time.</doc>
<status status="NOT RUN" starttime="20210713 12:56:38.153" endtime="20210713 12:56:38.153"/>
</kw>
<kw name="Execute Manual Step" library="Dialogs">
<arg>Have the drone draw a square ?</arg>
<doc>Pauses test execution until user sets the keyword status.</doc>
<status status="NOT RUN" starttime="20210713 12:56:38.153" endtime="20210713 12:56:38.153"/>
</kw>
<kw name="Make The Drone Land" library="librairie.testDroneLibrary">
<status status="NOT RUN" starttime="20210713 12:56:38.153" endtime="20210713 12:56:38.153"/>
</kw>
<status status="PASS" starttime="20210713 12:56:38.151" endtime="20210713 12:56:38.153"/>
</kw>
<kw name="Teardown test" type="TEARDOWN">
<kw name="Kill Test" library="librairie.testDroneLibrary">
<status status="NOT RUN" starttime="20210713 12:56:38.154" endtime="20210713 12:56:38.154"/>
</kw>
<status status="PASS" starttime="20210713 12:56:38.153" endtime="20210713 12:56:38.154"/>
</kw>
<tag>campagne client web</tag>
<status status="PASS" starttime="20210713 12:56:38.150" endtime="20210713 12:56:38.154"/>
</test>
<status status="PASS" starttime="20210713 12:56:38.148" endtime="20210713 12:56:38.154"/>
</suite>
<suite id="s1-s13" name="drone lib Test0013" source="/home/needoliprane/Desktop/TEK3/T-YEP-600-PAR-6-1-finalproject-louis-auguste.dumas/test/drone_lib_Test0013.robot">
<test id="s1-s13-t1" name="test_0013: Square test">
<kw name="Setup test" type="SETUP">
<kw name="Init Test" library="librairie.testDroneLibrary">
<status status="NOT RUN" starttime="20210713 12:56:38.159" endtime="20210713 12:56:38.159"/>
</kw>
<status status="PASS" starttime="20210713 12:56:38.159" endtime="20210713 12:56:38.159"/>
</kw>
<kw name="Have the drone turn on himslef">
<kw name="Make The Drone Take Off" library="librairie.testDroneLibrary">
<status status="NOT RUN" starttime="20210713 12:56:38.159" endtime="20210713 12:56:38.159"/>
</kw>
<kw name="Sleep" library="BuiltIn">
<arg>3s</arg>
<doc>Pauses the test executed for the given time.</doc>
<status status="NOT RUN" starttime="20210713 12:56:38.159" endtime="20210713 12:56:38.159"/>
</kw>
<kw name="Make The Drone Turn Right" library="librairie.testDroneLibrary">
<status status="NOT RUN" starttime="20210713 12:56:38.160" endtime="20210713 12:56:38.160"/>
</kw>
<kw name="Sleep" library="BuiltIn">
<arg>3s</arg>
<doc>Pauses the test executed for the given time.</doc>
<status status="NOT RUN" starttime="20210713 12:56:38.160" endtime="20210713 12:56:38.160"/>
</kw>
<kw name="Make The Drone Turn Right" library="librairie.testDroneLibrary">
<status status="NOT RUN" starttime="20210713 12:56:38.160" endtime="20210713 12:56:38.160"/>
</kw>
<kw name="Sleep" library="BuiltIn">
<arg>3s</arg>
<doc>Pauses the test executed for the given time.</doc>
<status status="NOT RUN" starttime="20210713 12:56:38.160" endtime="20210713 12:56:38.160"/>
</kw>
<kw name="Make The Drone Turn Right" library="librairie.testDroneLibrary">
<status status="NOT RUN" starttime="20210713 12:56:38.160" endtime="20210713 12:56:38.160"/>
</kw>
<kw name="Sleep" library="BuiltIn">
<arg>3s</arg>
<doc>Pauses the test executed for the given time.</doc>
<status status="NOT RUN" starttime="20210713 12:56:38.160" endtime="20210713 12:56:38.160"/>
</kw>
<kw name="Make The Drone Turn Right" library="librairie.testDroneLibrary">
<status status="NOT RUN" starttime="20210713 12:56:38.160" endtime="20210713 12:56:38.160"/>
</kw>
<kw name="Sleep" library="BuiltIn">
<arg>3s</arg>
<doc>Pauses the test executed for the given time.</doc>
<status status="NOT RUN" starttime="20210713 12:56:38.160" endtime="20210713 12:56:38.160"/>
</kw>
<kw name="Execute Manual Step" library="Dialogs">
<arg>Have the drone turn on himslef ?</arg>
<doc>Pauses test execution until user sets the keyword status.</doc>
<status status="NOT RUN" starttime="20210713 12:56:38.160" endtime="20210713 12:56:38.160"/>
</kw>
<kw name="Make The Drone Land" library="librairie.testDroneLibrary">
<status status="NOT RUN" starttime="20210713 12:56:38.161" endtime="20210713 12:56:38.161"/>
</kw>
<status status="PASS" starttime="20210713 12:56:38.159" endtime="20210713 12:56:38.161"/>
</kw>
<kw name="Teardown test" type="TEARDOWN">
<kw name="Kill Test" library="librairie.testDroneLibrary">
<status status="NOT RUN" starttime="20210713 12:56:38.161" endtime="20210713 12:56:38.161"/>
</kw>
<status status="PASS" starttime="20210713 12:56:38.161" endtime="20210713 12:56:38.161"/>
</kw>
<tag>campagne client web</tag>
<status status="PASS" starttime="20210713 12:56:38.158" endtime="20210713 12:56:38.161"/>
</test>
<status status="PASS" starttime="20210713 12:56:38.156" endtime="20210713 12:56:38.161"/>
</suite>
<suite id="s1-s14" name="drone lib Test0014" source="/home/needoliprane/Desktop/TEK3/T-YEP-600-PAR-6-1-finalproject-louis-auguste.dumas/test/drone_lib_Test0014.robot">
<test id="s1-s14-t1" name="test_0014: pic">
<kw name="Setup test" type="SETUP">
<kw name="Init Test" library="librairie.testDroneLibrary">
<status status="NOT RUN" starttime="20210713 12:56:38.166" endtime="20210713 12:56:38.166"/>
</kw>
<status status="PASS" starttime="20210713 12:56:38.165" endtime="20210713 12:56:38.166"/>
</kw>
<kw name="Pic test">
<kw name="Make The Drone Take Off" library="librairie.testDroneLibrary">
<status status="NOT RUN" starttime="20210713 12:56:38.166" endtime="20210713 12:56:38.166"/>
</kw>
<kw name="Make The Drone Take Pic" library="librairie.testDroneLibrary">
<status status="NOT RUN" starttime="20210713 12:56:38.166" endtime="20210713 12:56:38.166"/>
</kw>
<kw name="Make The Drone Land" library="librairie.testDroneLibrary">
<status status="NOT RUN" starttime="20210713 12:56:38.166" endtime="20210713 12:56:38.166"/>
</kw>
<status status="PASS" starttime="20210713 12:56:38.166" endtime="20210713 12:56:38.166"/>
</kw>
<kw name="Teardown test" type="TEARDOWN">
<kw name="Kill Test" library="librairie.testDroneLibrary">
<status status="NOT RUN" starttime="20210713 12:56:38.167" endtime="20210713 12:56:38.167"/>
</kw>
<status status="PASS" starttime="20210713 12:56:38.167" endtime="20210713 12:56:38.167"/>
</kw>
<tag>campagne client web</tag>
<status status="PASS" starttime="20210713 12:56:38.165" endtime="20210713 12:56:38.167"/>
</test>
<status status="PASS" starttime="20210713 12:56:38.163" endtime="20210713 12:56:38.167"/>
</suite>
<suite id="s1-s15" name="drone lib Test0015" source="/home/needoliprane/Desktop/TEK3/T-YEP-600-PAR-6-1-finalproject-louis-auguste.dumas/test/drone_lib_Test0015.robot">
<test id="s1-s15-t1" name="test_0015: pic">
<kw name="Setup test" type="SETUP">
<kw name="Init Test" library="librairie.testDroneLibrary">
<status status="NOT RUN" starttime="20210713 12:56:38.171" endtime="20210713 12:56:38.171"/>
</kw>
<status status="PASS" starttime="20210713 12:56:38.171" endtime="20210713 12:56:38.171"/>
</kw>
<kw name="Pic test">
<kw name="Make The Drone Take Off" library="librairie.testDroneLibrary">
<status status="NOT RUN" starttime="20210713 12:56:38.172" endtime="20210713 12:56:38.172"/>
</kw>
<kw name="Make The Drone Take Pic" library="librairie.testDroneLibrary">
<status status="NOT RUN" starttime="20210713 12:56:38.172" endtime="20210713 12:56:38.172"/>
</kw>
<kw name="Make The Drone Land" library="librairie.testDroneLibrary">
<status status="NOT RUN" starttime="20210713 12:56:38.172" endtime="20210713 12:56:38.172"/>
</kw>
<status status="PASS" starttime="20210713 12:56:38.171" endtime="20210713 12:56:38.172"/>
</kw>
<kw name="Teardown test" type="TEARDOWN">
<kw name="Kill Test" library="librairie.testDroneLibrary">
<status status="NOT RUN" starttime="20210713 12:56:38.172" endtime="20210713 12:56:38.172"/>
</kw>
<status status="PASS" starttime="20210713 12:56:38.172" endtime="20210713 12:56:38.173"/>
</kw>
<tag>campagne client web</tag>
<status status="PASS" starttime="20210713 12:56:38.171" endtime="20210713 12:56:38.173"/>
</test>
<status status="PASS" starttime="20210713 12:56:38.168" endtime="20210713 12:56:38.173"/>
</suite>
<suite id="s1-s16" name="drone lib Test0016" source="/home/needoliprane/Desktop/TEK3/T-YEP-600-PAR-6-1-finalproject-louis-auguste.dumas/test/drone_lib_Test0016.robot">
<test id="s1-s16-t1" name="test_0016: pic">
<kw name="Setup test" type="SETUP">
<kw name="Init Test" library="librairie.testDroneLibrary">
<status status="NOT RUN" starttime="20210713 12:56:38.177" endtime="20210713 12:56:38.177"/>
</kw>
<status status="PASS" starttime="20210713 12:56:38.177" endtime="20210713 12:56:38.178"/>
</kw>
<kw name="z1 test">
<kw name="Make The Drone Take Off" library="librairie.testDroneLibrary">
<status status="NOT RUN" starttime="20210713 12:56:38.178" endtime="20210713 12:56:38.178"/>
</kw>
<kw name="Sleep" library="BuiltIn">
<arg>3s</arg>
<doc>Pauses the test executed for the given time.</doc>
<status status="NOT RUN" starttime="20210713 12:56:38.178" endtime="20210713 12:56:38.178"/>
</kw>
<kw name="Make The Drone Turn Right" library="librairie.testDroneLibrary">
<status status="NOT RUN" starttime="20210713 12:56:38.178" endtime="20210713 12:56:38.178"/>
</kw>
<kw name="Sleep" library="BuiltIn">
<arg>3s</arg>
<doc>Pauses the test executed for the given time.</doc>
<status status="NOT RUN" starttime="20210713 12:56:38.178" endtime="20210713 12:56:38.178"/>
</kw>
<kw name="Make The Drone Go Forward" library="librairie.testDroneLibrary">
<status status="NOT RUN" starttime="20210713 12:56:38.178" endtime="20210713 12:56:38.178"/>
</kw>
<kw name="Sleep" library="BuiltIn">
<arg>3s</arg>
<doc>Pauses the test executed for the given time.</doc>
<status status="NOT RUN" starttime="20210713 12:56:38.179" endtime="20210713 12:56:38.179"/>
</kw>
<kw name="Make The Drone Turn Left" library="librairie.testDroneLibrary">
<status status="NOT RUN" starttime="20210713 12:56:38.179" endtime="20210713 12:56:38.179"/>
</kw>
<kw name="Sleep" library="BuiltIn">
<arg>3s</arg>
<doc>Pauses the test executed for the given time.</doc>
<status status="NOT RUN" starttime="20210713 12:56:38.179" endtime="20210713 12:56:38.179"/>
</kw>
<kw name="Make The Drone Go Forward" library="librairie.testDroneLibrary">
<status status="NOT RUN" starttime="20210713 12:56:38.179" endtime="20210713 12:56:38.179"/>
</kw>
<kw name="Execute Manual Step" library="Dialogs">
<arg>Is the drone flying ?</arg>
<doc>Pauses test execution until user sets the keyword status.</doc>
<status status="NOT RUN" starttime="20210713 12:56:38.179" endtime="20210713 12:56:38.179"/>
</kw>
<status status="PASS" starttime="20210713 12:56:38.178" endtime="20210713 12:56:38.179"/>
</kw>
<kw name="Teardown test" type="TEARDOWN">
<kw name="Kill Test" library="librairie.testDroneLibrary">
<status status="NOT RUN" starttime="20210713 12:56:38.180" endtime="20210713 12:56:38.180"/>
</kw>
<status status="PASS" starttime="20210713 12:56:38.179" endtime="20210713 12:56:38.180"/>
</kw>
<tag>campagne client web</tag>
<status status="PASS" starttime="20210713 12:56:38.177" endtime="20210713 12:56:38.180"/>
</test>
<status status="PASS" starttime="20210713 12:56:38.174" endtime="20210713 12:56:38.180"/>
</suite>
<suite id="s1-s17" name="drone lib Test0017" source="/home/needoliprane/Desktop/TEK3/T-YEP-600-PAR-6-1-finalproject-louis-auguste.dumas/test/drone_lib_Test0017.robot">
<test id="s1-s17-t1" name="test_0014: pic">
<kw name="Setup test" type="SETUP">
<kw name="Init Test" library="librairie.testDroneLibrary">
<status status="NOT RUN" starttime="20210713 12:56:38.184" endtime="20210713 12:56:38.184"/>
</kw>
<status status="PASS" starttime="20210713 12:56:38.184" endtime="20210713 12:56:38.184"/>
</kw>
<kw name="Pic test">
<kw name="Make The Drone Take Off" library="librairie.testDroneLibrary">
<status status="NOT RUN" starttime="20210713 12:56:38.185" endtime="20210713 12:56:38.185"/>
</kw>
<kw name="Sleep" library="BuiltIn">
<arg>3s</arg>
<doc>Pauses the test executed for the given time.</doc>
<status status="NOT RUN" starttime="20210713 12:56:38.185" endtime="20210713 12:56:38.185"/>
</kw>
<kw name="Make The Drone Turn Left" library="librairie.testDroneLibrary">
<status status="NOT RUN" starttime="20210713 12:56:38.185" endtime="20210713 12:56:38.185"/>
</kw>
<kw name="Sleep" library="BuiltIn">
<arg>3s</arg>
<doc>Pauses the test executed for the given time.</doc>
<status status="NOT RUN" starttime="20210713 12:56:38.185" endtime="20210713 12:56:38.185"/>
</kw>
<kw name="Make The Drone Go Forward" library="librairie.testDroneLibrary">
<status status="NOT RUN" starttime="20210713 12:56:38.185" endtime="20210713 12:56:38.185"/>
</kw>
<kw name="Sleep" library="BuiltIn">
<arg>3s</arg>
<doc>Pauses the test executed for the given time.</doc>
<status status="NOT RUN" starttime="20210713 12:56:38.185" endtime="20210713 12:56:38.185"/>
</kw>
<kw name="Make The Drone Turn Right" library="librairie.testDroneLibrary">
<status status="NOT RUN" starttime="20210713 12:56:38.185" endtime="20210713 12:56:38.185"/>
</kw>
<kw name="Sleep" library="BuiltIn">
<arg>3s</arg>
<doc>Pauses the test executed for the given time.</doc>
<status status="NOT RUN" starttime="20210713 12:56:38.185" endtime="20210713 12:56:38.186"/>
</kw>
<kw name="Make The Drone Go Forward" library="librairie.testDroneLibrary">
<status status="NOT RUN" starttime="20210713 12:56:38.186" endtime="20210713 12:56:38.186"/>
</kw>
<kw name="Sleep" library="BuiltIn">
<arg>3s</arg>
<doc>Pauses the test executed for the given time.</doc>
<status status="NOT RUN" starttime="20210713 12:56:38.186" endtime="20210713 12:56:38.186"/>
</kw>
<kw name="Execute Manual Step" library="Dialogs">
<arg>Is the drone flying ?</arg>
<doc>Pauses test execution until user sets the keyword status.</doc>
<status status="NOT RUN" starttime="20210713 12:56:38.186" endtime="20210713 12:56:38.186"/>
</kw>
<status status="PASS" starttime="20210713 12:56:38.184" endtime="20210713 12:56:38.186"/>
</kw>
<kw name="Teardown test" type="TEARDOWN">
<kw name="Kill Test" library="librairie.testDroneLibrary">
<status status="NOT RUN" starttime="20210713 12:56:38.186" endtime="20210713 12:56:38.186"/>
</kw>
<status status="PASS" starttime="20210713 12:56:38.186" endtime="20210713 12:56:38.186"/>
</kw>
<tag>campagne client web</tag>
<status status="PASS" starttime="20210713 12:56:38.184" endtime="20210713 12:56:38.187"/>
</test>
<status status="PASS" starttime="20210713 12:56:38.181" endtime="20210713 12:56:38.187"/>
</suite>
<suite id="s1-s18" name="drone lib Test0018" source="/home/needoliprane/Desktop/TEK3/T-YEP-600-PAR-6-1-finalproject-louis-auguste.dumas/test/drone_lib_Test0018.robot">
<test id="s1-s18-t1" name="test_0015: pic">
<kw name="Setup test" type="SETUP">
<kw name="Init Test" library="librairie.testDroneLibrary">
<status status="NOT RUN" starttime="20210713 12:56:38.191" endtime="20210713 12:56:38.191"/>
</kw>
<status status="PASS" starttime="20210713 12:56:38.191" endtime="20210713 12:56:38.191"/>
</kw>
<kw name="Pic test">
<kw name="Make The Drone Take Off" library="librairie.testDroneLibrary">
<status status="NOT RUN" starttime="20210713 12:56:38.191" endtime="20210713 12:56:38.191"/>
</kw>
<kw name="Sleep" library="BuiltIn">
<arg>3s</arg>
<doc>Pauses the test executed for the given time.</doc>
<status status="NOT RUN" starttime="20210713 12:56:38.191" endtime="20210713 12:56:38.191"/>
</kw>
<kw name="Make The Drone Turn Right" library="librairie.testDroneLibrary">
<status status="NOT RUN" starttime="20210713 12:56:38.191" endtime="20210713 12:56:38.192"/>
</kw>
<kw name="Sleep" library="BuiltIn">
<arg>3s</arg>
<doc>Pauses the test executed for the given time.</doc>
<status status="NOT RUN" starttime="20210713 12:56:38.192" endtime="20210713 12:56:38.192"/>
</kw>
<kw name="Make The Drone Go Forward" library="librairie.testDroneLibrary">
<status status="NOT RUN" starttime="20210713 12:56:38.192" endtime="20210713 12:56:38.192"/>
</kw>
<kw name="Sleep" library="BuiltIn">
<arg>3s</arg>
<doc>Pauses the test executed for the given time.</doc>
<status status="NOT RUN" starttime="20210713 12:56:38.192" endtime="20210713 12:56:38.192"/>
</kw>
<kw name="Make The Drone Turn Right" library="librairie.testDroneLibrary">
<status status="NOT RUN" starttime="20210713 12:56:38.192" endtime="20210713 12:56:38.192"/>
</kw>
<kw name="Sleep" library="BuiltIn">
<arg>3s</arg>
<doc>Pauses the test executed for the given time.</doc>
<status status="NOT RUN" starttime="20210713 12:56:38.192" endtime="20210713 12:56:38.192"/>
</kw>
<kw name="Make The Drone Go Forward" library="librairie.testDroneLibrary">
<status status="NOT RUN" starttime="20210713 12:56:38.192" endtime="20210713 12:56:38.192"/>
</kw>
<kw name="Sleep" library="BuiltIn">
<arg>3s</arg>
<doc>Pauses the test executed for the given time.</doc>
<status status="NOT RUN" starttime="20210713 12:56:38.192" endtime="20210713 12:56:38.192"/>
</kw>
<kw name="Execute Manual Step" library="Dialogs">
<arg>Is the drone flying ?</arg>
<doc>Pauses test execution until user sets the keyword status.</doc>
<status status="NOT RUN" starttime="20210713 12:56:38.192" endtime="20210713 12:56:38.193"/>
</kw>
<status status="PASS" starttime="20210713 12:56:38.191" endtime="20210713 12:56:38.193"/>
</kw>
<kw name="Teardown test" type="TEARDOWN">
<kw name="Kill Test" library="librairie.testDroneLibrary">
<status status="NOT RUN" starttime="20210713 12:56:38.193" endtime="20210713 12:56:38.193"/>
</kw>
<status status="PASS" starttime="20210713 12:56:38.193" endtime="20210713 12:56:38.194"/>
</kw>
<tag>campagne client web</tag>
<status status="PASS" starttime="20210713 12:56:38.190" endtime="20210713 12:56:38.194"/>
</test>
<status status="PASS" starttime="20210713 12:56:38.188" endtime="20210713 12:56:38.194"/>
</suite>
<suite id="s1-s19" name="drone lib Test0019" source="/home/needoliprane/Desktop/TEK3/T-YEP-600-PAR-6-1-finalproject-louis-auguste.dumas/test/drone_lib_Test0019.robot">
<test id="s1-s19-t1" name="test_0019: flip forwoard">
<kw name="Setup test" type="SETUP">
<kw name="Init Test" library="librairie.testDroneLibrary">
<status status="NOT RUN" starttime="20210713 12:56:38.199" endtime="20210713 12:56:38.199"/>
</kw>
<status status="PASS" starttime="20210713 12:56:38.198" endtime="20210713 12:56:38.199"/>
</kw>
<kw name="flip forward test">
<kw name="Make The Drone Take Off" library="librairie.testDroneLibrary">
<status status="NOT RUN" starttime="20210713 12:56:38.199" endtime="20210713 12:56:38.199"/>
</kw>
<kw name="Sleep" library="BuiltIn">
<arg>3s</arg>
<doc>Pauses the test executed for the given time.</doc>
<status status="NOT RUN" starttime="20210713 12:56:38.199" endtime="20210713 12:56:38.199"/>
</kw>
<kw name="Make The Drone Flip Forward" library="librairie.testDroneLibrary">
<status status="NOT RUN" starttime="20210713 12:56:38.199" endtime="20210713 12:56:38.199"/>
</kw>
<kw name="Execute Manual Step" library="Dialogs">
<arg>Is the drone flying ?</arg>
<doc>Pauses test execution until user sets the keyword status.</doc>
<status status="NOT RUN" starttime="20210713 12:56:38.199" endtime="20210713 12:56:38.200"/>
</kw>
<status status="PASS" starttime="20210713 12:56:38.199" endtime="20210713 12:56:38.200"/>
</kw>
<kw name="Teardown test" type="TEARDOWN">
<kw name="Kill Test" library="librairie.testDroneLibrary">
<status status="NOT RUN" starttime="20210713 12:56:38.200" endtime="20210713 12:56:38.200"/>
</kw>
<status status="PASS" starttime="20210713 12:56:38.200" endtime="20210713 12:56:38.200"/>
</kw>
<tag>campagne client web</tag>
<status status="PASS" starttime="20210713 12:56:38.198" endtime="20210713 12:56:38.200"/>
</test>
<status status="PASS" starttime="20210713 12:56:38.195" endtime="20210713 12:56:38.200"/>
</suite>
<suite id="s1-s20" name="drone lib Test0020" source="/home/needoliprane/Desktop/TEK3/T-YEP-600-PAR-6-1-finalproject-louis-auguste.dumas/test/drone_lib_Test0020.robot">
<test id="s1-s20-t1" name="test_20: forward test">
<kw name="Setup test" type="SETUP">
<kw name="Init Test" library="librairie.testDroneLibrary">
<status status="NOT RUN" starttime="20210713 12:56:38.205" endtime="20210713 12:56:38.205"/>
</kw>
<status status="PASS" starttime="20210713 12:56:38.204" endtime="20210713 12:56:38.205"/>
</kw>
<kw name="forward test 1">
<kw name="Make The Drone Take Off" library="librairie.testDroneLibrary">
<status status="NOT RUN" starttime="20210713 12:56:38.205" endtime="20210713 12:56:38.205"/>
</kw>
<kw name="Sleep" library="BuiltIn">
<arg>3s</arg>
<doc>Pauses the test executed for the given time.</doc>
<status status="NOT RUN" starttime="20210713 12:56:38.205" endtime="20210713 12:56:38.205"/>
</kw>
<kw name="Make The Drone Flip Backward" library="librairie.testDroneLibrary">
<status status="NOT RUN" starttime="20210713 12:56:38.205" endtime="20210713 12:56:38.205"/>
</kw>
<kw name="Execute Manual Step" library="Dialogs">
<arg>Is the drone flying ?</arg>
<doc>Pauses test execution until user sets the keyword status.</doc>
<status status="NOT RUN" starttime="20210713 12:56:38.205" endtime="20210713 12:56:38.205"/>
</kw>
<status status="PASS" starttime="20210713 12:56:38.205" endtime="20210713 12:56:38.205"/>
</kw>
<kw name="Teardown test" type="TEARDOWN">
<kw name="Kill Test" library="librairie.testDroneLibrary">
<status status="NOT RUN" starttime="20210713 12:56:38.206" endtime="20210713 12:56:38.206"/>
</kw>
<status status="PASS" starttime="20210713 12:56:38.206" endtime="20210713 12:56:38.206"/>
</kw>
<tag>campagne client web</tag>
<status status="PASS" starttime="20210713 12:56:38.204" endtime="20210713 12:56:38.206"/>
</test>
<status status="PASS" starttime="20210713 12:56:38.202" endtime="20210713 12:56:38.206"/>
</suite>
<suite id="s1-s21" name="drone lib Test0021" source="/home/needoliprane/Desktop/TEK3/T-YEP-600-PAR-6-1-finalproject-louis-auguste.dumas/test/drone_lib_Test0021.robot">
<test id="s1-s21-t1" name="test_21: forward test">
<kw name="Setup test" type="SETUP">
<kw name="Init Test" library="librairie.testDroneLibrary">
<status status="NOT RUN" starttime="20210713 12:56:38.211" endtime="20210713 12:56:38.211"/>
</kw>
<status status="PASS" starttime="20210713 12:56:38.210" endtime="20210713 12:56:38.211"/>
</kw>
<kw name="forward test 2">
<kw name="Make The Drone Take Off" library="librairie.testDroneLibrary">
<status status="NOT RUN" starttime="20210713 12:56:38.211" endtime="20210713 12:56:38.211"/>
</kw>
<kw name="Sleep" library="BuiltIn">
<arg>3s</arg>
<doc>Pauses the test executed for the given time.</doc>
<status status="NOT RUN" starttime="20210713 12:56:38.211" endtime="20210713 12:56:38.212"/>
</kw>
<kw name="Make The Drone Flip Left" library="librairie.testDroneLibrary">
<status status="NOT RUN" starttime="20210713 12:56:38.212" endtime="20210713 12:56:38.212"/>
</kw>
<kw name="Execute Manual Step" library="Dialogs">
<arg>Is the drone flying ?</arg>
<doc>Pauses test execution until user sets the keyword status.</doc>
<status status="NOT RUN" starttime="20210713 12:56:38.212" endtime="20210713 12:56:38.212"/>
</kw>
<status status="PASS" starttime="20210713 12:56:38.211" endtime="20210713 12:56:38.212"/>
</kw>
<kw name="Teardown test" type="TEARDOWN">
<kw name="Kill Test" library="librairie.testDroneLibrary">
<status status="NOT RUN" starttime="20210713 12:56:38.212" endtime="20210713 12:56:38.212"/>
</kw>
<status status="PASS" starttime="20210713 12:56:38.212" endtime="20210713 12:56:38.213"/>
</kw>
<tag>campagne client web</tag>
<status status="PASS" starttime="20210713 12:56:38.210" endtime="20210713 12:56:38.213"/>
</test>
<status status="PASS" starttime="20210713 12:56:38.207" endtime="20210713 12:56:38.213"/>
</suite>
<suite id="s1-s22" name="drone lib Test0022" source="/home/needoliprane/Desktop/TEK3/T-YEP-600-PAR-6-1-finalproject-louis-auguste.dumas/test/drone_lib_Test0022.robot">
<test id="s1-s22-t1" name="test_22: forward test">
<kw name="Setup test" type="SETUP">
<kw name="Init Test" library="librairie.testDroneLibrary">
<status status="NOT RUN" starttime="20210713 12:56:38.217" endtime="20210713 12:56:38.217"/>
</kw>
<status status="PASS" starttime="20210713 12:56:38.217" endtime="20210713 12:56:38.217"/>
</kw>
<kw name="forward test3">
<kw name="Make The Drone Take Off" library="librairie.testDroneLibrary">
<status status="NOT RUN" starttime="20210713 12:56:38.218" endtime="20210713 12:56:38.218"/>
</kw>
<kw name="Sleep" library="BuiltIn">
<arg>3s</arg>
<doc>Pauses the test executed for the given time.</doc>
<status status="NOT RUN" starttime="20210713 12:56:38.218" endtime="20210713 12:56:38.218"/>
</kw>
<kw name="Make The Drone Flip Right" library="librairie.testDroneLibrary">
<status status="NOT RUN" starttime="20210713 12:56:38.218" endtime="20210713 12:56:38.218"/>
</kw>
<kw name="Execute Manual Step" library="Dialogs">
<arg>Is the drone flip Forward?</arg>
<doc>Pauses test execution until user sets the keyword status.</doc>
<status status="NOT RUN" starttime="20210713 12:56:38.218" endtime="20210713 12:56:38.218"/>
</kw>
<status status="PASS" starttime="20210713 12:56:38.217" endtime="20210713 12:56:38.218"/>
</kw>
<kw name="Teardown test" type="TEARDOWN">
<kw name="Kill Test" library="librairie.testDroneLibrary">
<status status="NOT RUN" starttime="20210713 12:56:38.218" endtime="20210713 12:56:38.218"/>
</kw>
<status status="PASS" starttime="20210713 12:56:38.218" endtime="20210713 12:56:38.219"/>
</kw>
<tag>campagne client web</tag>
<status status="PASS" starttime="20210713 12:56:38.217" endtime="20210713 12:56:38.219"/>
</test>
<status status="PASS" starttime="20210713 12:56:38.214" endtime="20210713 12:56:38.219"/>
</suite>
<suite id="s1-s23" name="drone lib Test0023" source="/home/needoliprane/Desktop/TEK3/T-YEP-600-PAR-6-1-finalproject-louis-auguste.dumas/test/drone_lib_Test0023.robot">
<test id="s1-s23-t1" name="test_23: forward test">
<kw name="Setup test" type="SETUP">
<kw name="Init Test" library="librairie.testDroneLibrary">
<status status="NOT RUN" starttime="20210713 12:56:38.223" endtime="20210713 12:56:38.224"/>
</kw>
<status status="PASS" starttime="20210713 12:56:38.223" endtime="20210713 12:56:38.224"/>
</kw>
<kw name="forward test4">
<kw name="Make The Drone Take Off" library="librairie.testDroneLibrary">
<status status="NOT RUN" starttime="20210713 12:56:38.224" endtime="20210713 12:56:38.224"/>
</kw>
<kw name="Sleep" library="BuiltIn">
<arg>3s</arg>
<doc>Pauses the test executed for the given time.</doc>
<status status="NOT RUN" starttime="20210713 12:56:38.224" endtime="20210713 12:56:38.224"/>
</kw>
<kw name="Make The Drone Flip Forward" library="librairie.testDroneLibrary">
<status status="NOT RUN" starttime="20210713 12:56:38.224" endtime="20210713 12:56:38.225"/>
</kw>
<kw name="Execute Manual Step" library="Dialogs">
<arg>Is the drone flip Forward?</arg>
<doc>Pauses test execution until user sets the keyword status.</doc>
<status status="NOT RUN" starttime="20210713 12:56:38.225" endtime="20210713 12:56:38.225"/>
</kw>
<status status="PASS" starttime="20210713 12:56:38.224" endtime="20210713 12:56:38.225"/>
</kw>
<kw name="Teardown test" type="TEARDOWN">
<kw name="Kill Test" library="librairie.testDroneLibrary">
<status status="NOT RUN" starttime="20210713 12:56:38.225" endtime="20210713 12:56:38.225"/>
</kw>
<status status="PASS" starttime="20210713 12:56:38.225" endtime="20210713 12:56:38.225"/>
</kw>
<tag>campagne client web</tag>
<status status="PASS" starttime="20210713 12:56:38.223" endtime="20210713 12:56:38.225"/>
</test>
<status status="PASS" starttime="20210713 12:56:38.220" endtime="20210713 12:56:38.226"/>
</suite>
<suite id="s1-s24" name="drone lib Test0024" source="/home/needoliprane/Desktop/TEK3/T-YEP-600-PAR-6-1-finalproject-louis-auguste.dumas/test/drone_lib_Test0024.robot">
<test id="s1-s24-t1" name="test_24: forward test">
<kw name="Setup test" type="SETUP">
<kw name="Init Test" library="librairie.testDroneLibrary">
<status status="NOT RUN" starttime="20210713 12:56:38.230" endtime="20210713 12:56:38.230"/>
</kw>
<status status="PASS" starttime="20210713 12:56:38.230" endtime="20210713 12:56:38.230"/>
</kw>
<kw name="forward test5">
<kw name="Make The Drone Take Off" library="librairie.testDroneLibrary">
<status status="NOT RUN" starttime="20210713 12:56:38.230" endtime="20210713 12:56:38.230"/>
</kw>
<kw name="Sleep" library="BuiltIn">
<arg>3s</arg>
<doc>Pauses the test executed for the given time.</doc>
<status status="NOT RUN" starttime="20210713 12:56:38.230" endtime="20210713 12:56:38.230"/>
</kw>
<kw name="Make The Drone Flip Forward" library="librairie.testDroneLibrary">
<status status="NOT RUN" starttime="20210713 12:56:38.230" endtime="20210713 12:56:38.231"/>
</kw>
<kw name="Execute Manual Step" library="Dialogs">
<arg>Is the drone flip Forward?</arg>
<doc>Pauses test execution until user sets the keyword status.</doc>
<status status="NOT RUN" starttime="20210713 12:56:38.231" endtime="20210713 12:56:38.231"/>
</kw>
<status status="PASS" starttime="20210713 12:56:38.230" endtime="20210713 12:56:38.231"/>
</kw>
<kw name="Teardown test" type="TEARDOWN">
<kw name="Kill Test" library="librairie.testDroneLibrary">
<status status="NOT RUN" starttime="20210713 12:56:38.231" endtime="20210713 12:56:38.231"/>
</kw>
<status status="PASS" starttime="20210713 12:56:38.231" endtime="20210713 12:56:38.231"/>
</kw>
<tag>campagne client web</tag>
<status status="PASS" starttime="20210713 12:56:38.229" endtime="20210713 12:56:38.231"/>
</test>
<status status="PASS" starttime="20210713 12:56:38.227" endtime="20210713 12:56:38.232"/>
</suite>
<status status="PASS" starttime="20210713 12:56:37.913" endtime="20210713 12:56:38.233"/>
</suite>
<statistics>
<total>
<stat pass="24" fail="0" skip="0">All Tests</stat>
</total>
<tag>
<stat pass="14" fail="0" skip="0">campagne client web</stat>
<stat pass="10" fail="0" skip="0">campagne lib drone</stat>
</tag>
<suite>
<stat pass="24" fail="0" skip="0" id="s1" name="drone lib Test0001 &amp; drone lib Test0002 &amp; drone lib Test0003 &amp; drone lib Test0004 &amp; drone lib Test0005 &amp; drone lib Test0006 &amp; drone lib Test0007 &amp; drone lib Test0008 &amp; drone lib Test0009 &amp; drone lib Test0010 &amp; drone lib Test0011 &amp; drone lib Test0012 &amp; drone lib Test0013 &amp; drone lib Test0014 &amp; drone lib Test0015 &amp; drone lib Test0016 &amp; drone lib Test0017 &amp; drone lib Test0018 &amp; drone lib Test0019 &amp; drone lib Test0020 &amp; drone lib Test0021 &amp; drone lib Test0022 &amp; drone lib Test0023 &amp; drone lib Test0024">drone lib Test0001 &amp; drone lib Test0002 &amp; drone lib Test0003 &amp; drone lib Test0004 &amp; drone lib Test0005 &amp; drone lib Test0006 &amp; drone lib Test0007 &amp; drone lib Test0008 &amp; drone lib Test0009 &amp; drone lib Test0010 &amp; drone lib Test0011 &amp; drone lib Test0012 &amp; drone lib Test0013 &amp; drone lib Test0014 &amp; drone lib Test0015 &amp; drone lib Test0016 &amp; drone lib Test0017 &amp; drone lib Test0018 &amp; drone lib Test0019 &amp; drone lib Test0020 &amp; drone lib Test0021 &amp; drone lib Test0022 &amp; drone lib Test0023 &amp; drone lib Test0024</stat>
<stat pass="1" fail="0" skip="0" id="s1-s1" name="drone lib Test0001">drone lib Test0001 &amp; drone lib Test0002 &amp; drone lib Test0003 &amp; drone lib Test0004 &amp; drone lib Test0005 &amp; drone lib Test0006 &amp; drone lib Test0007 &amp; drone lib Test0008 &amp; drone lib Test0009 &amp; drone lib Test0010 &amp; drone lib Test0011 &amp; drone lib Test0012 &amp; drone lib Test0013 &amp; drone lib Test0014 &amp; drone lib Test0015 &amp; drone lib Test0016 &amp; drone lib Test0017 &amp; drone lib Test0018 &amp; drone lib Test0019 &amp; drone lib Test0020 &amp; drone lib Test0021 &amp; drone lib Test0022 &amp; drone lib Test0023 &amp; drone lib Test0024.drone lib Test0001</stat>
<stat pass="1" fail="0" skip="0" id="s1-s2" name="drone lib Test0002">drone lib Test0001 &amp; drone lib Test0002 &amp; drone lib Test0003 &amp; drone lib Test0004 &amp; drone lib Test0005 &amp; drone lib Test0006 &amp; drone lib Test0007 &amp; drone lib Test0008 &amp; drone lib Test0009 &amp; drone lib Test0010 &amp; drone lib Test0011 &amp; drone lib Test0012 &amp; drone lib Test0013 &amp; drone lib Test0014 &amp; drone lib Test0015 &amp; drone lib Test0016 &amp; drone lib Test0017 &amp; drone lib Test0018 &amp; drone lib Test0019 &amp; drone lib Test0020 &amp; drone lib Test0021 &amp; drone lib Test0022 &amp; drone lib Test0023 &amp; drone lib Test0024.drone lib Test0002</stat>
<stat pass="1" fail="0" skip="0" id="s1-s3" name="drone lib Test0003">drone lib Test0001 &amp; drone lib Test0002 &amp; drone lib Test0003 &amp; drone lib Test0004 &amp; drone lib Test0005 &amp; drone lib Test0006 &amp; drone lib Test0007 &amp; drone lib Test0008 &amp; drone lib Test0009 &amp; drone lib Test0010 &amp; drone lib Test0011 &amp; drone lib Test0012 &amp; drone lib Test0013 &amp; drone lib Test0014 &amp; drone lib Test0015 &amp; drone lib Test0016 &amp; drone lib Test0017 &amp; drone lib Test0018 &amp; drone lib Test0019 &amp; drone lib Test0020 &amp; drone lib Test0021 &amp; drone lib Test0022 &amp; drone lib Test0023 &amp; drone lib Test0024.drone lib Test0003</stat>
<stat pass="1" fail="0" skip="0" id="s1-s4" name="drone lib Test0004">drone lib Test0001 &amp; drone lib Test0002 &amp; drone lib Test0003 &amp; drone lib Test0004 &amp; drone lib Test0005 &amp; drone lib Test0006 &amp; drone lib Test0007 &amp; drone lib Test0008 &amp; drone lib Test0009 &amp; drone lib Test0010 &amp; drone lib Test0011 &amp; drone lib Test0012 &amp; drone lib Test0013 &amp; drone lib Test0014 &amp; drone lib Test0015 &amp; drone lib Test0016 &amp; drone lib Test0017 &amp; drone lib Test0018 &amp; drone lib Test0019 &amp; drone lib Test0020 &amp; drone lib Test0021 &amp; drone lib Test0022 &amp; drone lib Test0023 &amp; drone lib Test0024.drone lib Test0004</stat>
<stat pass="1" fail="0" skip="0" id="s1-s5" name="drone lib Test0005">drone lib Test0001 &amp; drone lib Test0002 &amp; drone lib Test0003 &amp; drone lib Test0004 &amp; drone lib Test0005 &amp; drone lib Test0006 &amp; drone lib Test0007 &amp; drone lib Test0008 &amp; drone lib Test0009 &amp; drone lib Test0010 &amp; drone lib Test0011 &amp; drone lib Test0012 &amp; drone lib Test0013 &amp; drone lib Test0014 &amp; drone lib Test0015 &amp; drone lib Test0016 &amp; drone lib Test0017 &amp; drone lib Test0018 &amp; drone lib Test0019 &amp; drone lib Test0020 &amp; drone lib Test0021 &amp; drone lib Test0022 &amp; drone lib Test0023 &amp; drone lib Test0024.drone lib Test0005</stat>
<stat pass="1" fail="0" skip="0" id="s1-s6" name="drone lib Test0006">drone lib Test0001 &amp; drone lib Test0002 &amp; drone lib Test0003 &amp; drone lib Test0004 &amp; drone lib Test0005 &amp; drone lib Test0006 &amp; drone lib Test0007 &amp; drone lib Test0008 &amp; drone lib Test0009 &amp; drone lib Test0010 &amp; drone lib Test0011 &amp; drone lib Test0012 &amp; drone lib Test0013 &amp; drone lib Test0014 &amp; drone lib Test0015 &amp; drone lib Test0016 &amp; drone lib Test0017 &amp; drone lib Test0018 &amp; drone lib Test0019 &amp; drone lib Test0020 &amp; drone lib Test0021 &amp; drone lib Test0022 &amp; drone lib Test0023 &amp; drone lib Test0024.drone lib Test0006</stat>
<stat pass="1" fail="0" skip="0" id="s1-s7" name="drone lib Test0007">drone lib Test0001 &amp; drone lib Test0002 &amp; drone lib Test0003 &amp; drone lib Test0004 &amp; drone lib Test0005 &amp; drone lib Test0006 &amp; drone lib Test0007 &amp; drone lib Test0008 &amp; drone lib Test0009 &amp; drone lib Test0010 &amp; drone lib Test0011 &amp; drone lib Test0012 &amp; drone lib Test0013 &amp; drone lib Test0014 &amp; drone lib Test0015 &amp; drone lib Test0016 &amp; drone lib Test0017 &amp; drone lib Test0018 &amp; drone lib Test0019 &amp; drone lib Test0020 &amp; drone lib Test0021 &amp; drone lib Test0022 &amp; drone lib Test0023 &amp; drone lib Test0024.drone lib Test0007</stat>
<stat pass="1" fail="0" skip="0" id="s1-s8" name="drone lib Test0008">drone lib Test0001 &amp; drone lib Test0002 &amp; drone lib Test0003 &amp; drone lib Test0004 &amp; drone lib Test0005 &amp; drone lib Test0006 &amp; drone lib Test0007 &amp; drone lib Test0008 &amp; drone lib Test0009 &amp; drone lib Test0010 &amp; drone lib Test0011 &amp; drone lib Test0012 &amp; drone lib Test0013 &amp; drone lib Test0014 &amp; drone lib Test0015 &amp; drone lib Test0016 &amp; drone lib Test0017 &amp; drone lib Test0018 &amp; drone lib Test0019 &amp; drone lib Test0020 &amp; drone lib Test0021 &amp; drone lib Test0022 &amp; drone lib Test0023 &amp; drone lib Test0024.drone lib Test0008</stat>
<stat pass="1" fail="0" skip="0" id="s1-s9" name="drone lib Test0009">drone lib Test0001 &amp; drone lib Test0002 &amp; drone lib Test0003 &amp; drone lib Test0004 &amp; drone lib Test0005 &amp; drone lib Test0006 &amp; drone lib Test0007 &amp; drone lib Test0008 &amp; drone lib Test0009 &amp; drone lib Test0010 &amp; drone lib Test0011 &amp; drone lib Test0012 &amp; drone lib Test0013 &amp; drone lib Test0014 &amp; drone lib Test0015 &amp; drone lib Test0016 &amp; drone lib Test0017 &amp; drone lib Test0018 &amp; drone lib Test0019 &amp; drone lib Test0020 &amp; drone lib Test0021 &amp; drone lib Test0022 &amp; drone lib Test0023 &amp; drone lib Test0024.drone lib Test0009</stat>
<stat pass="1" fail="0" skip="0" id="s1-s10" name="drone lib Test0010">drone lib Test0001 &amp; drone lib Test0002 &amp; drone lib Test0003 &amp; drone lib Test0004 &amp; drone lib Test0005 &amp; drone lib Test0006 &amp; drone lib Test0007 &amp; drone lib Test0008 &amp; drone lib Test0009 &amp; drone lib Test0010 &amp; drone lib Test0011 &amp; drone lib Test0012 &amp; drone lib Test0013 &amp; drone lib Test0014 &amp; drone lib Test0015 &amp; drone lib Test0016 &amp; drone lib Test0017 &amp; drone lib Test0018 &amp; drone lib Test0019 &amp; drone lib Test0020 &amp; drone lib Test0021 &amp; drone lib Test0022 &amp; drone lib Test0023 &amp; drone lib Test0024.drone lib Test0010</stat>
<stat pass="1" fail="0" skip="0" id="s1-s11" name="drone lib Test0011">drone lib Test0001 &amp; drone lib Test0002 &amp; drone lib Test0003 &amp; drone lib Test0004 &amp; drone lib Test0005 &amp; drone lib Test0006 &amp; drone lib Test0007 &amp; drone lib Test0008 &amp; drone lib Test0009 &amp; drone lib Test0010 &amp; drone lib Test0011 &amp; drone lib Test0012 &amp; drone lib Test0013 &amp; drone lib Test0014 &amp; drone lib Test0015 &amp; drone lib Test0016 &amp; drone lib Test0017 &amp; drone lib Test0018 &amp; drone lib Test0019 &amp; drone lib Test0020 &amp; drone lib Test0021 &amp; drone lib Test0022 &amp; drone lib Test0023 &amp; drone lib Test0024.drone lib Test0011</stat>
<stat pass="1" fail="0" skip="0" id="s1-s12" name="drone lib Test0012">drone lib Test0001 &amp; drone lib Test0002 &amp; drone lib Test0003 &amp; drone lib Test0004 &amp; drone lib Test0005 &amp; drone lib Test0006 &amp; drone lib Test0007 &amp; drone lib Test0008 &amp; drone lib Test0009 &amp; drone lib Test0010 &amp; drone lib Test0011 &amp; drone lib Test0012 &amp; drone lib Test0013 &amp; drone lib Test0014 &amp; drone lib Test0015 &amp; drone lib Test0016 &amp; drone lib Test0017 &amp; drone lib Test0018 &amp; drone lib Test0019 &amp; drone lib Test0020 &amp; drone lib Test0021 &amp; drone lib Test0022 &amp; drone lib Test0023 &amp; drone lib Test0024.drone lib Test0012</stat>
<stat pass="1" fail="0" skip="0" id="s1-s13" name="drone lib Test0013">drone lib Test0001 &amp; drone lib Test0002 &amp; drone lib Test0003 &amp; drone lib Test0004 &amp; drone lib Test0005 &amp; drone lib Test0006 &amp; drone lib Test0007 &amp; drone lib Test0008 &amp; drone lib Test0009 &amp; drone lib Test0010 &amp; drone lib Test0011 &amp; drone lib Test0012 &amp; drone lib Test0013 &amp; drone lib Test0014 &amp; drone lib Test0015 &amp; drone lib Test0016 &amp; drone lib Test0017 &amp; drone lib Test0018 &amp; drone lib Test0019 &amp; drone lib Test0020 &amp; drone lib Test0021 &amp; drone lib Test0022 &amp; drone lib Test0023 &amp; drone lib Test0024.drone lib Test0013</stat>
<stat pass="1" fail="0" skip="0" id="s1-s14" name="drone lib Test0014">drone lib Test0001 &amp; drone lib Test0002 &amp; drone lib Test0003 &amp; drone lib Test0004 &amp; drone lib Test0005 &amp; drone lib Test0006 &amp; drone lib Test0007 &amp; drone lib Test0008 &amp; drone lib Test0009 &amp; drone lib Test0010 &amp; drone lib Test0011 &amp; drone lib Test0012 &amp; drone lib Test0013 &amp; drone lib Test0014 &amp; drone lib Test0015 &amp; drone lib Test0016 &amp; drone lib Test0017 &amp; drone lib Test0018 &amp; drone lib Test0019 &amp; drone lib Test0020 &amp; drone lib Test0021 &amp; drone lib Test0022 &amp; drone lib Test0023 &amp; drone lib Test0024.drone lib Test0014</stat>
<stat pass="1" fail="0" skip="0" id="s1-s15" name="drone lib Test0015">drone lib Test0001 &amp; drone lib Test0002 &amp; drone lib Test0003 &amp; drone lib Test0004 &amp; drone lib Test0005 &amp; drone lib Test0006 &amp; drone lib Test0007 &amp; drone lib Test0008 &amp; drone lib Test0009 &amp; drone lib Test0010 &amp; drone lib Test0011 &amp; drone lib Test0012 &amp; drone lib Test0013 &amp; drone lib Test0014 &amp; drone lib Test0015 &amp; drone lib Test0016 &amp; drone lib Test0017 &amp; drone lib Test0018 &amp; drone lib Test0019 &amp; drone lib Test0020 &amp; drone lib Test0021 &amp; drone lib Test0022 &amp; drone lib Test0023 &amp; drone lib Test0024.drone lib Test0015</stat>
<stat pass="1" fail="0" skip="0" id="s1-s16" name="drone lib Test0016">drone lib Test0001 &amp; drone lib Test0002 &amp; drone lib Test0003 &amp; drone lib Test0004 &amp; drone lib Test0005 &amp; drone lib Test0006 &amp; drone lib Test0007 &amp; drone lib Test0008 &amp; drone lib Test0009 &amp; drone lib Test0010 &amp; drone lib Test0011 &amp; drone lib Test0012 &amp; drone lib Test0013 &amp; drone lib Test0014 &amp; drone lib Test0015 &amp; drone lib Test0016 &amp; drone lib Test0017 &amp; drone lib Test0018 &amp; drone lib Test0019 &amp; drone lib Test0020 &amp; drone lib Test0021 &amp; drone lib Test0022 &amp; drone lib Test0023 &amp; drone lib Test0024.drone lib Test0016</stat>
<stat pass="1" fail="0" skip="0" id="s1-s17" name="drone lib Test0017">drone lib Test0001 &amp; drone lib Test0002 &amp; drone lib Test0003 &amp; drone lib Test0004 &amp; drone lib Test0005 &amp; drone lib Test0006 &amp; drone lib Test0007 &amp; drone lib Test0008 &amp; drone lib Test0009 &amp; drone lib Test0010 &amp; drone lib Test0011 &amp; drone lib Test0012 &amp; drone lib Test0013 &amp; drone lib Test0014 &amp; drone lib Test0015 &amp; drone lib Test0016 &amp; drone lib Test0017 &amp; drone lib Test0018 &amp; drone lib Test0019 &amp; drone lib Test0020 &amp; drone lib Test0021 &amp; drone lib Test0022 &amp; drone lib Test0023 &amp; drone lib Test0024.drone lib Test0017</stat>
<stat pass="1" fail="0" skip="0" id="s1-s18" name="drone lib Test0018">drone lib Test0001 &amp; drone lib Test0002 &amp; drone lib Test0003 &amp; drone lib Test0004 &amp; drone lib Test0005 &amp; drone lib Test0006 &amp; drone lib Test0007 &amp; drone lib Test0008 &amp; drone lib Test0009 &amp; drone lib Test0010 &amp; drone lib Test0011 &amp; drone lib Test0012 &amp; drone lib Test0013 &amp; drone lib Test0014 &amp; drone lib Test0015 &amp; drone lib Test0016 &amp; drone lib Test0017 &amp; drone lib Test0018 &amp; drone lib Test0019 &amp; drone lib Test0020 &amp; drone lib Test0021 &amp; drone lib Test0022 &amp; drone lib Test0023 &amp; drone lib Test0024.drone lib Test0018</stat>
<stat pass="1" fail="0" skip="0" id="s1-s19" name="drone lib Test0019">drone lib Test0001 &amp; drone lib Test0002 &amp; drone lib Test0003 &amp; drone lib Test0004 &amp; drone lib Test0005 &amp; drone lib Test0006 &amp; drone lib Test0007 &amp; drone lib Test0008 &amp; drone lib Test0009 &amp; drone lib Test0010 &amp; drone lib Test0011 &amp; drone lib Test0012 &amp; drone lib Test0013 &amp; drone lib Test0014 &amp; drone lib Test0015 &amp; drone lib Test0016 &amp; drone lib Test0017 &amp; drone lib Test0018 &amp; drone lib Test0019 &amp; drone lib Test0020 &amp; drone lib Test0021 &amp; drone lib Test0022 &amp; drone lib Test0023 &amp; drone lib Test0024.drone lib Test0019</stat>
<stat pass="1" fail="0" skip="0" id="s1-s20" name="drone lib Test0020">drone lib Test0001 &amp; drone lib Test0002 &amp; drone lib Test0003 &amp; drone lib Test0004 &amp; drone lib Test0005 &amp; drone lib Test0006 &amp; drone lib Test0007 &amp; drone lib Test0008 &amp; drone lib Test0009 &amp; drone lib Test0010 &amp; drone lib Test0011 &amp; drone lib Test0012 &amp; drone lib Test0013 &amp; drone lib Test0014 &amp; drone lib Test0015 &amp; drone lib Test0016 &amp; drone lib Test0017 &amp; drone lib Test0018 &amp; drone lib Test0019 &amp; drone lib Test0020 &amp; drone lib Test0021 &amp; drone lib Test0022 &amp; drone lib Test0023 &amp; drone lib Test0024.drone lib Test0020</stat>
<stat pass="1" fail="0" skip="0" id="s1-s21" name="drone lib Test0021">drone lib Test0001 &amp; drone lib Test0002 &amp; drone lib Test0003 &amp; drone lib Test0004 &amp; drone lib Test0005 &amp; drone lib Test0006 &amp; drone lib Test0007 &amp; drone lib Test0008 &amp; drone lib Test0009 &amp; drone lib Test0010 &amp; drone lib Test0011 &amp; drone lib Test0012 &amp; drone lib Test0013 &amp; drone lib Test0014 &amp; drone lib Test0015 &amp; drone lib Test0016 &amp; drone lib Test0017 &amp; drone lib Test0018 &amp; drone lib Test0019 &amp; drone lib Test0020 &amp; drone lib Test0021 &amp; drone lib Test0022 &amp; drone lib Test0023 &amp; drone lib Test0024.drone lib Test0021</stat>
<stat pass="1" fail="0" skip="0" id="s1-s22" name="drone lib Test0022">drone lib Test0001 &amp; drone lib Test0002 &amp; drone lib Test0003 &amp; drone lib Test0004 &amp; drone lib Test0005 &amp; drone lib Test0006 &amp; drone lib Test0007 &amp; drone lib Test0008 &amp; drone lib Test0009 &amp; drone lib Test0010 &amp; drone lib Test0011 &amp; drone lib Test0012 &amp; drone lib Test0013 &amp; drone lib Test0014 &amp; drone lib Test0015 &amp; drone lib Test0016 &amp; drone lib Test0017 &amp; drone lib Test0018 &amp; drone lib Test0019 &amp; drone lib Test0020 &amp; drone lib Test0021 &amp; drone lib Test0022 &amp; drone lib Test0023 &amp; drone lib Test0024.drone lib Test0022</stat>
<stat pass="1" fail="0" skip="0" id="s1-s23" name="drone lib Test0023">drone lib Test0001 &amp; drone lib Test0002 &amp; drone lib Test0003 &amp; drone lib Test0004 &amp; drone lib Test0005 &amp; drone lib Test0006 &amp; drone lib Test0007 &amp; drone lib Test0008 &amp; drone lib Test0009 &amp; drone lib Test0010 &amp; drone lib Test0011 &amp; drone lib Test0012 &amp; drone lib Test0013 &amp; drone lib Test0014 &amp; drone lib Test0015 &amp; drone lib Test0016 &amp; drone lib Test0017 &amp; drone lib Test0018 &amp; drone lib Test0019 &amp; drone lib Test0020 &amp; drone lib Test0021 &amp; drone lib Test0022 &amp; drone lib Test0023 &amp; drone lib Test0024.drone lib Test0023</stat>
<stat pass="1" fail="0" skip="0" id="s1-s24" name="drone lib Test0024">drone lib Test0001 &amp; drone lib Test0002 &amp; drone lib Test0003 &amp; drone lib Test0004 &amp; drone lib Test0005 &amp; drone lib Test0006 &amp; drone lib Test0007 &amp; drone lib Test0008 &amp; drone lib Test0009 &amp; drone lib Test0010 &amp; drone lib Test0011 &amp; drone lib Test0012 &amp; drone lib Test0013 &amp; drone lib Test0014 &amp; drone lib Test0015 &amp; drone lib Test0016 &amp; drone lib Test0017 &amp; drone lib Test0018 &amp; drone lib Test0019 &amp; drone lib Test0020 &amp; drone lib Test0021 &amp; drone lib Test0022 &amp; drone lib Test0023 &amp; drone lib Test0024.drone lib Test0024</stat>
</suite>
</statistics>
<errors>
</errors>
</robot>
